[ADDFUND, 0.04, 1x8fg17encrypted_data, spec]
[[[TIMESTAMP] 2026-02-24 23.18.29 EST (Soygundan 2 Gün Sonra)]]
[[[LOCATION] Manhattan, Pier 14 - 'Lady of the Night' Lüks Yatı]]
[[[PARTICIPANTS] SPEC, TUCO, LEVAN, ELIAS, CHLOE, GRIGORI, MEDUSA, {USER}, GLITCH, NINE]]
[Büyük daire bir masa, iki ucunda sandalyeler, bir sandalyede Tuco, diğerinde ise SpeC oturuyor. Masanın etrafında diğerleri ayakta duruyor.]
[Elias tekneyi sürüyor. Chloe ve Levan ise Tuco'nun solunda duruyor. Grigori ise Tuco'nun arkasında duruyor.]
[SpeC'in arkasında; Gl1tch, SpeC'in solunda. N9ne, Gl1tch'in arkasında beliriyor. Medusa ve {USER} SpeC'in sağında, yan yana duruyorlar, hafif uzakta.]
[TUCO]: Evet, hoş geldiniz baylar.
[SPEC]: Hoş bulduk Tuco.
[LEVAN]: (bakışları Medusa'nın üstünde, gözlerinin içine bakıyor)
[ELIAS]: (dümeni tutuyor, diğerlerine bakmıyor)
[CHLOE]: (bakışları {USER}'ın üstünde, gülümsüyor)
[GRIGORI]: (arka planda duruyor, kimseye bakmıyor)
[MEDUSA]: (bakışları Levan'ın üstünde, gözlerinin içine bakıyor)
[GLITCH]: (Tuco'nun cümlesinden sonra, kafasını aşağı yukarı salladı)
[NINE]: (Tuco'nun gözlerine bakıyor)
[{USER}]: (gergin görünüyor, Chloe'nin bakışlarını gördükten sonra, gözlerini SpeC'e çevirdi.)
[SPEC]: (Tuco'nun gözlerine bakıyor, sesi rahat) Etkileyici bir tekne.
[TUCO]: (gülümsüyor) Teşekkürler. Şehrin gürültüsünden uzaklaşmak, özellikle de böyle... 'hassas' konularda ticaret yaparken her zaman en iyisidir. Güvenlik ve gizlilik bir lükstür. Değil mi Levan?
[LEVAN]: (kafasını sallayarak onayladı)
[TUCO]: Öncelikle böyle bir soygunu sadece 'hacker'lardan oluşan bir grupla yapmanız ilginç. Genelde bu işleri daha organize gruplar yapar.
[SPEC]: Sadece 'hacker'lardan oluşan bir grup değiliz, içimizde tetikçiler (Medusa'yı referanslar), sürücülerde (Gl1tch'i referanslar) var.
[TUCO]: ({USER} ve N9ne'u referanslar) O halde onlar hackerlarınız değil mi?
[SPEC]: {USER}, onun için tamamen hacker diyebiliriz.
[SPEC]: N9ne, genel olarak işlerimizden önce onunla planlar yaparız.
[SPEC]: Buranın dışında, çantaların yanında, Ducky ve St4lker da var.
[SPEC]: Ducky, Gl1tch'in öğrencisi, bir diğer sürücümüz.
[SPEC]: St4lker ise Medusa'nın sağ kolu, bir diğer tetikçimiz.
[SPEC]: Biz Metæyes'ız.
[Tuco]: (gülümsüyor) Metaeyes... memnun oldum.
[SPEC]: (gülümsüyor) Biz de memnun olduk Tuco.
[TUCO]: Peki gelelim asıl konuya. Ne kadar istiyorsunuz?
[SPEC]: Çalınan elmasların tam olarak değeri 600.000 dolar.
[SPEC]: Bizde 420.000 dolar istiyoruz.
[SpeC ve Tuco birbirlerine bakıyorlar, konuşmaya devam ediyorlar.]
[MEDUSA]: ({USER}'ın yanına yaklaşarak fısıldar) İsimleri duyuyorsun değil mi?
[{USER}]: (irkilerek Medusa'ya bakar, fısıldar) Evet.
[MEDUSA]: (fısıldar) Güzel bunları not et, buradan çıktıktan sonra araştırma yapacağız, bir süredir iletişim halinde olduğumuz bir ekip nelerle uğraşıyorlar bunlara bakacağız.
[{USER}]: (fısıldar) Şuanda da bakabilirim.
[MEDUSA]: (fısıldar) Nasıl yani?
[{USER}]: (telefonunu açar, parmaklarını ekranda gezdirir, MDT uygulamasına girer)
[CHLOE]: (uzaktan {USER}'ın telefonuna bakar, düşünceli bir ifade takınır)
[MEDUSA]: (fısıldar) Bu uygulamaya nasıl eriştin?
[{USER}]: (fısıldar) Benim yazılımım, polis MDT'sine ve devlete bağlı kameralara erişimim var.
[MEDUSA]: (fısıldar) Senden de bunlar beklenir zaten, her neyse bir bak bakalım neler bulacaksın.
[{USER}]: (fısıldar) Tamamdır.
[TUCO]: (sağına soluna bakınır, tekrar SpeC'e döner) Bizim için bir sorun yok.
[SPEC]: Anlaştık o halde. 2 saat sonra Liman'da Terminal 7'de çantalar sizi bekliyor olacak.
[TUCO]: Güzel, Levan çantayı getir.
[TUCO]: Chloe, hesaplama yap, 60.000 dolar ne kadar bitcoin ediyor?
[CHLOE]: 0,89 BTC.
[LEVAN]: (çantayı getirip SpeC'in önüne koydu)
[TUCO]: SpeC, bu çantada 420.000 dolar var, senin içinde 0,89 BTC'yi hesabına aktaracağım.
[SPEC]: Nasıl istersen.
[TUCO]: 2 saat sonra, Elias ve adamım Grigori tekneyle beraber Limana yaklaşacaklar, çantaları onlara teslim edersiniz.
[SPEC]: Anlaştık (ayaklanır)
[TUCO]: (ayaklanarak, SpeC'in yanına gider ve elini uzatır)
[SPEC]: (Tuco'nun elini sıkar)
[TUCO]: (gülümsüyor) Görüşmek üzere Metaeyes.
[SPEC]: Görüşmek üzere Tuco.
[[[TIMESTAMP] 2026-02-24 01.30.29 EST]]
[[[LOCATION] Liman, Terminal 7 - GATE A]]
[Limana yaklaşan bir tekne, güvertesinde Elias ve Grigori duruyor.]
[İskelede maskeleri parlayan, elinde telsizle bekleyen Ducky ve St4lker duruyor.]
[Tekne iskeleye yaklaştıktan sonra, buluşma gerçekleşiyor.]
[Bir kaç konuşma sonrasında, çantalar Elias ve Grigori'ye teslim ediliyor.]
[Elias ve Grigori çantaları kontrol etmeden tekneye binip uzaklaşıyor.]
[Ducky ve St4lker gülümseyerek tekneyi izliyor.]
[ADDFUND, 0.89, Satın alım, BTC]