[ADDFUND, 0.03, 1x8fg17encrypted_data, spec]
[ADDFUND, 0.04, 1x8fg17encrypted_data, spec]
[[Terminal açık, MEDUSA ve {USER} bağlantı kurdu.]]
[{USER}]: Medusa, acil demiştin. Konu ne?
[MEDUSA]: Evet, bir yere sızmamız gerekiyor.
[{USER}]: Peki, neresi?
[MEDUSA]: Bir kuyumcu.
[{USER}]: Kuyumcu.. pekala.
[MEDUSA]: Öncelikle bu bir test değil, bunu aklından çıkart, bu gerçek bir görev.
[{USER}]: (kafasını salladı) Bir kuyumcuya zaten ya yüzük, kolye almak için gidilir ya da soygun için hah?
[MEDUSA]: Evet, tam olarak öyle.
[{USER}]: Peki, biz uzaktayız, içeri giren de biz mi olacağız?
[MEDUSA]: Hayır, sen uzaktasın içeride ben ve Gl1tch varız.
[{USER}]: Gl1tch mi? Hmm onuna böyle tanışmak, güzel bir duygu. Her neyse, plan nedir?
[MEDUSA]: Öncelikle, sana verdiğim IP adresinden, sisteme sız. Ardından güvenlik sistemlerini devre dışı bırak.
[MEDUSA]: Sonrasında zaten biz hallederiz.
[{USER}]: Anladım, peki nasıl iletişime geçeceğiz?
[MEDUSA]: Dün ki kargoyu aldın mı?
[{USER}]: Evet aldım.
[MEDUSA]: Tamam onunla işte.
[{USER}]: Paketi açmadım ki?
[MEDUSA]: Off {USER}... aç o zaman.
[{USER}]: (paketi açar, telsizi çıkartır) Telsiz mi?
[MEDUSA]: Evet, telsiz. 44.4 frekans bu ayarla hemen.
[{USER}]: (telsiz) Telsiz check.
[GLITCH]: (telsiz) 5 net, duyuyorum.
[{USER}]: (telsiz) Hah, Gl1tch, sesini duymak ne güzel.
[GLITCH]: (telsiz) Aynı şekilde {USER}, 
[MEDUSA]: (telsiz) Selamlaşma faslı bittiyse başlayalım arkadaşlar.
[GÖREV]: Önce telefonundaki OmniWatch uygulamasından kameralara sız, kullanıcı adı ve şifreye dair bir şeyler bul, ardından Hedef IP adresine bağlan ve güvenlik sistemlerini devre dışı bırak.
[SAHNE SONU]
[TASK:task_1]
[{USER}]: (telsiz) İçerdeyim. Biraz daha bekleyin.
[MEDUSA]: (telsiz) Etraf temiz bir sıkıntı yok, hızlan {USER}.
[{USER}]: (telsiz) Tamam, tamam.
[SAHNE SONU]
[TASK:task_2]
[SYSTEM]: Güvenlik sistemleri devre dışı bırakıldı, tüm kameralar, sensörler, alarm sistemleri deaktif.
[{USER}]: (telsiz) Tamam, hallettim. İçeriye girin.
[MEDUSA]: (telsiz) Güzel işti {USER}.
[GLITCH]: (telsiz) Gerisi bizde.
[{USER} dışarıdan bir kameraya bağlanarak olayları izlemeye başladı.]
[Her şey yolunda, MEDUSA ve GLITCH kuyumcuyu başarılı bir şekilde soydu ve hiç bir güvenlik alarmı çalmadı.]
[MEDUSA]: (telsiz) Temizdeyiz.
[{USER}]: (telsiz) İyi iş baylar.
[MEDUSA]: (telsiz) Yakında görüşürüz {USER}. Payını yakında elden alıcaksın.
[{USER}]: (telsiz) Hah- okay, görüşürüz.
